supportedInterfaceOrientationsForWindow:
willChangeStatusBarOrientation:
duration:
didReceiveLocalNotification:
didReceiveRemoteNotification:
didRegisterForRemoteNotificationsWithDeviceToken:
fetchCompletionHandler:
didFailToRegisterForRemoteNotificationsWithError:
willFinishLaunchingWithOptions:
applicationDidEnterBackground:
applicationWillEnterForeground:
applicationDidBecomeActive:
applicationWillResignActive:
applicationDidReceiveMemoryWarning:
applicationWillTerminate:
didFailWithError:
supportedInterfaceOrientations
viewDidLayoutSubviews:
initWithURL:
udata:
newDelegateWithURL:
newDelegateWithCStringURL:
newRequestForHTTPMethod:
url:
headers:
startConnection
cancelConnection
abort
cleanup
connection:
willSendRequest:
redirectResponse:
didReceiveResponse:
handleResponse:
didReceiveData:
connectionDidFinishLoading:
didSendBodyData:
totalBytesWritten:
totalBytesExpectedToWrite:
handleAuthenticationChallenge:
willSendRequestForAuthenticationChallenge:
allocRequestForHTTPMethod:
x:
y:
viewWillLayoutSubviews
viewWillDisappear
viewDidAppear
observeValueForKeyPath
ofObject
change
context
setPaused
paused
stop
pause
width
height
hide
present
dealloc
init
object
addObserver
selector
name
removeObserver
forKeyPath
prefersStatusBarHidden
preferredStatusBarStyle
layerClass
