temporize
disinhibit
backfill
anonymise
copulate
idealise
prepare
father
razz
vibrate
entice
accelerate
control
furlough
condescend
debate
wield
detest
gnash
pale
bustle
italicize
arrange
fetter
rock
grab
raffle
motor
educate
chauffeur
constrain
reassemble
make
bewitch
inflict
absolve
dread
love
sandwich
thicken
winch
strafe
bag
demystify
paw
celebrate
mourn
merchandise
yaw
burst
decontrol
bastardise
augment
colonize
deck
theorize
exhibit
receive
modernise
frame
retire
crimp
creolise
depress
bleach
twitch
labour
veil
cease
badger
charter
pile
deceive
hover
sniff
expand
sic
misplace
translate
rape
snow
spike
snicker
besmirch
matriculate
beset
near
invert
strip
snowplough
volley
provoke
mitigate
skin
relax
jack
replenish
weep
perturb
indict
randomise
catnap
infantilize
judder
overshadow
counsel
unsubscribe
palm
evangelise
predispose
freight
languish
adorn
wound
hesitate
carbonise
horsewhip
fine
reward
munch
scarify
gel
view
dispute
stipulate
prosper
overindulge
spread
passivize
subsume
screen
inflect
mother
sprain
enunciate
homestead
duplicate
stay
internationalise
group
glide
lour
prefigure
stare
recycle
seclude
stride
underscore
braid
masticate
silt
discolor
outbid
discipline
bottleful
creak
remonstrate
bear
troubleshoot
abscond
simmer
quiz
reload
wreathe
deform
interject
miscarry
puke
curdle
scuffle
possess
quirk
intimidate
equal
pink
ram
jut
root
concoct
sniffle
authorize
pluralize
avenge
jabber
bloop
opt
predecease
equate
simulate
pale
fornicate
serialise
coordinate
certificate
show
volumize
shell
oxidise
glister
skyrocket
chop
people
end
sun
film
pore
waddle
shit
drill
depart
letterbox
seat
envy
thwack
holler
paddle
reef
particularize
attack
hem
nominalize
disseminate
purloin
thwart
brake
naturalize
jerk
appropriate
scorn
maximize
romanticize
sharpen
ask
insinuate
drain
empathize
puzzle
dragoon
tether
divert
despoil
zoom
digitalise
abut
hurry
sponge
wildcat
program
enumerate
croak
annoy
litigate
delete
shake
rail
freight
channel
deprive
throb
dig
demote
overtake
ritualise
perch
vanquish
cook
backlight
bloom
hare
shrivel
crank
ump
dis
term
adore
doll
establish
airbrush
tippex
dart
snitch
awake
crank
force
hawk
mishit
shake
defend
oversee
blab
recur
identify
outshine
misinterpret
unhook
iron
rage
opine
unionize
accessorise
configure
pertain
recess
geld
traduce
click
calve
spit
lather
berth
numb
gussy
lactate
cosy
piggyback
sound
outpace
word
shorten
resurrect
propagate
quarter
nip
unpack
demonize
voyage
trail
elide
anodize
garrison
gussy
map
redecorate
stir
lash
discontinue
pore
shunt
implicate
bowlful
wise
shop
wimp
ensconce
rile
transform
propagandize
scurry
attribute
pair
buzzing
embroider
scheme
shorten
hiccup
woof
gird
overshoot
pimp
singe
stigmatize
arm
scald
venture
behove
spurt
ionise
absorb
bath
prescribe
wheel
telescope
scrummage
sun
instigate
halloo
weed
sadden
muster
stare
cartwheel
specialize
insure
cannibalise
abstract
entitle
fob
clatter
arrange
rewire
see
board
hobble
shine
permeate
sensitize
demur
denitrify
categorise
frisk
file
plait
encamp
reconfirm
wax
twitter
quote
bleed
mortar
conjecture
detoxify
summarise
slouch
amble
trampoline
carbonise
come
bungle
rub
thin
weekend
uphold
praises
chisel
render
dissimulate
yak
clatter
immerse
caper
secrete
relapse
rent
border
close
kill
legislate
disrupt
reignite
sulk
yield
bid
transcribe
skipper
grey
urinate
flinch
moisturise
excise
dunk
boot
exclaim
subtitle
classify
erode
attack
pollute
italicize
outrun
invent
prescribe
mark
intermesh
correspond
subsidize
eyeglasses
dance
right
soup
hatch
lace
lamb
class
clarify
bother
swallow
meld
stipulate
diluted
police
windsurf
jink
supplant
congratulate
ransom
clamber
twin
shroud
extrude
sneer
insult
lessen
farewell
microchip
detour
hydrate
correspond
sham
demotivate
enshrine
distract
bowl
sear
preface
remunerate
swank
import
categorize
scallop
multicast
disavow
reconfigure
settle
hallucinate
medal
pause
sever
twinkle
tantalize
barnstorm
fantasise
bandage
lobotomise
beard
carp
overburden
jar
model
hearken
differentiate
dammit
build
slug
uplift
spy
hydrate
update
quicken
strain
access
swank
consort
apologize
buck
reform
study
spotlight
ascribe
diet
airfreight
grit
knife
molest
defuse
diphthongise
tinker
unfreeze
rehear
clear
kowtow
idolise
reprove
communicate
imitate
tuck
glance
scuttle
recapitulate
poop
advise
sacrifice
palatalize
depress
delay
negate
scan
witness
garrote
regularize
weave
knee
cannibalise
cow
blazon
overrate
jeopardize
string
plunk
intermesh
peter
exonerate
agglomerate
voyage
undercharge
fulminate
emulsify
howl
thud
vacuum
cork
swarm
fracture
scandalise
indict
gape
reshuffle
con
traipse
snoop
dissent
morph
brain
single
downsize
generalise
squirm
compile
steep
favor
civilize
foal
decriminalise
peruse
romanticise
initial
invalidate
revenge
reprocess
agonize
consider
crystallise
particularise
dislodge
disobey
match
cane
reinstate
nuzzle
alert
brood
avoid
cackle
sough
chicken
shovel
plot
dive
tend
pop
chain
market
ravage
adapt
deprave
smuggle
charge
jot
explain
flare
freak
plane
decimalise
instil
befall
beatify
pour
flourish
near
sleep
belch
beget
question
recruit
adduce
leak
hit
malfunction
differentiate
welsh
cordon
enjoy
notarise
instill
gad
puff
squeal
confute
wean
crowd
lever
hover
concoct
stun
illustrate
finance
leaven
dishearten
reuse
barricade
itemise
kid
xerox
mess
subscribe
parallel
peep
outfox
seduce
dicker
vibrate
hit
disprove
field
endure
lowball
negotiate
smoulder
expound
chaperon
zoom
amount
cosh
buff
oversleep
deprecate
log
change
occupy
salve
rationalise
dock
squeeze
advantage
mandate
amass
meter
yack
loose
crayon
paralyze
grumble
ride
inculcate
redraw
resemble
elect
enumerate
beware
rotate
comprehend
keen
field
staple
loft
track
familiarise
laze
cause
predominate
reconfirm
extort
glister
view
yield
degrade
ruck
stage
creaking
insist
bridle
drum
nauseate
abbreviate
cogitate
propagandize
picturize
short
chortle
pullulate
macerate
ensconce
continue
taunt
vomit
initialise
scroll
overload
scrub
atomize
farrow
quash
perplex
diet
crap
sheer
anodize
resource
dampen
flatter
refrain
price
milk
anonymise
open
revise
syringe
inflict
yap
nickname
urinate
belay
plunge
redraw
destroy
lessen
assess
revolutionise
abominate
wrinkle
worship
extrapolate
obscure
feign
drug
intrude
hibernate
have
deracinate
scrunch
parole
hare
resize
preserve
rant
abrade
replenish
bum
retrace
cocoon
appreciate
veg
atomize
sprint
debut
caper
bawl
fringe
enclose
benefit
trigger
overtrain
memorialise
slaver
horse
slither
advocate
recur
discolor
demobilise
preserve
fake
trawl
gen
scribble
leaflet
outstrip
discolour
search
expedite
slump
reclaim
phone
howl
ovulate
clack
westernize
afford
offend
back
reappoint
bet
certify
guest
date
end
desert
unpick
unionize
cradle
chasten
fax
regularise
grope
tend
institutionalise
oppose
deaden
grouch
brawl
rectify
realize
dice
cater
beat
overlie
blaspheme
focalise
savour
varnish
unearth
obfuscate
purge
localize
beget
tick
acquiesce
envelop
empathise
putt
compartmentalise
toss
founder
nuzzle
throng
synthesize
reason
screen
crib
tauten
lapse
recur
quaver
patronize
forswear
unbalance
awe
reborn
whimper
captivate
evidence
jail
groan
okay
wear
bypass
metamorphose
gob
overindulge
access
mechanise
spark
eulogise
apprentice
perform
express
molder
mutilate
compound
absent
reawaken
moo
brew
saunter
chime
landscape
cough
colonise
prostrate
demonise
bowdlerize
dehumanize
homestead
sober
unfreeze
counter
presume
school
discipline
plague
poke
hum
deprecate
imagine
cull
kip
fulfil
stockpile
enclose
classify
sob
disappoint
oxidise
outvote
trigger
encamp
tyrannize
idolize
spangle
breed
hammer