beginning
dogwood
win
stag
beer
vegetarianism
eyelids
pimp
bond
accord
culvert
personnel
giggle
senate
task
clarinet
curl
monger
sunlamp
seal
satellite
buggy
program
polyp
stick
interferometer
bride
correspondent
paw
warrior
hall
billboard
party
array
vampire
danger
linkage
nucleotide
bird
slipper
hut
mug
onset
interest
immigrant
stadium
inspector
chiffonier
factor
strand
bagpipe
chaplain
outlook
yam
reputation
hybridisation
birthday
socialism
cosset
confusion
sidecar
tummy
vibration
aide
spell
oasis
godparent
editing
noon
ambition
committee
car
ocelot
corruption
heartthrob
marker
lute
favor
half
hepatitis
challenge
affect
bracelet
cocoa
pinecone
tide
goat
parrot
solicitation
fortress
spasm
dealer
gondola
spandex
pimp
lapdog
anagram
hope
shipyard
tomtom
photographer
contact lens
gel
laughter
context
shoes
butter
swine
ignorant
run
thong
arena
format
substance
exhaustion
adaptation
beer
sausage
molecule
harmonise
genie
ischemia
maximum
appearance
genetics
prevalence
sweat
paramecium
fiction
aside
bush
salmon
conifer
counterforce
grape
trail
mover
parchment
joint
cabin
ford
behest
behaviour
downtown
aspic
warming
probe
nothing
plane
disembodiment
business
lag
archives
whole
rating
person
bungalow
cofactor
manner
grocery
commonsense
angora
therapy
blocker
goal
hourglass
fingernail
cartilage
efficacy
neurobiologist
ceremony
defense
short
conspiracy
singular
penalty
somebody
sidewalk
seeder
cup
width
forebear
gaffe
plaster
premier
runner
dial
piccolo
type
holiday
carrier
skean
ear
vibraphone
advertising
requirement
editing
merit
reject
grasshopper
rugby
photographer
option
rack
slang
jaw
motorboat
asterisk
hygienic
strap
almighty
birdbath
temporary
sheet
fringe
tomorrow
lifestyle
spell
noun
adaptation
option
weasel
insectarium
pressure
objection
visit
hound
silly
chasuble
note
array
guitarist
status
hair
relay
clinic
disk
classroom
papaya
tile
comfortable
premise
fear
domain
abolishment
agent
friction
citizenship
downtown
print
gondola
vacuum
admission
accessory
glass
obsidian
code
name
reservation
unity
niche
ginger
chair
designation
bow
fashion
riverbed
metro
lace
deed
standard
media
borrowing
dealing
solidity
shofar
sucker
jumpsuit
broiler
regionalism
troop
search
clef
voyage
percent
shipping
word
precipitation
notion
post
promise
volleyball
platform
supper
philosophy
bayou
seafood
bandwidth
muffin
ripple
piglet
gliding
frock
bribery
admin
ligula
account
mop
lever
hearth
bathtub
plover
swine
boar
concentrate
jam
downfall
chemical
merit
gig
stepfather
spot
constitution
rutabaga
canvas
resort
clipper
department
homework
telephone
kiosk
exile
course
breakpoint
crepe
dentist
doc
crew
footstool
hockey
supernatural
plain
squash
binoculars
afterthought
swing
fundraising
detainment
cord
admire
boar
moose
attacker
soul
premier
drudgery
prohibition
cirrus
morsel
homicide
paperwork
crew
decision
swath
suspension
butane
heaven
omega
special
burden
reminder
pillow
shade
homonym
case
sparrow
riot
heavy
announcement
suede
lyocell
judo
cloves
tank
guide
east
luncheonette
utilization
memo
takeout
weasel
node
comportment
wick
rabbi
overclocking
opium
democrat
minibus
comfort
slippers
candidate
watch
alder
rethinking
graph
polarization
dwell
sovereignty
anime
ray
provider
prevalence
ovary
length
stinger
speaker
introduction
liability
media
revenge
element
ashram
cart
fanny
efficacy
freon
pseudoscience
tortoise
dialogue
frosting
pride
roller
play
chatter
fetus
longboat
net
floor
infusion
frown
savior
parole
suede
win
diving
angora
worth
owner
middleman
formicarium
denim
propaganda
tape
sill
cuticle
virginal
flicker
tomtom
pineapple
designation
desktop
impediment
airline
physiology
wood
wombat
sneaker
bestseller
guarantee
guestbook
mineral
survey
penguin
criminal
unibody
offramp
precipitation
noon
appendix
matchmaker
pocketbook
jellyfish
bratwurst
overview
calorie
ape
cabana
initialise
berry
meteor
tea
injury
thorn
conception
gate
alligator
taro
dilapidation
analytics
choir
puma
disguise
loyalty
waiter
dock
preparation
house
surname
microlending
drawer
lumber
sun
liver
neurobiologist
lime
revelation
resort
park
lottery
fabric
stain
cupcake
clip
propane
prey
subject
legislator
combine
ping
baggie
net
sail
lookout
panda
employment
complex
tap
lycra
automaton
legislator
maestro
developmental
shoe
similarity
van
property
helo
roommate
auction
estate
fen
scout
hearing
plaintiff
parka
duck
advantage
manifestation
banana
temper
valance
cocktail
vote
grasshopper
kielbasa
memo
supplement
thumb
sickness
homeland
tummy
postbox
veto
coconut
danger
stable
wear
residence
passive
tripod
mound
gaffe
jewelry
fire
cutover
realm
charger
page
salt
capacity
grouper
insurance
industrialization
yolk
bootie
principal
planter
cowboy
poster
end
emergency
exercise
exwife
soybean
plenty
switching
lord
drug
airfield
pill
creditor
adulthood
panda
hippopotamus
statement
dimple
sphynx
spoon
memory
stepmother
cytoplasm
grit
spectacles
mug
slipper
alcohol
premise
inheritance
denim
visit
timeline
boot
director
clearing
handsaw
half
mountain
lobster
freckle
smelting
poppy
scallion
porcelain
hydrofoil
borrowing
shearling
riddle
gaffer
misreading
incubation
repeat
soot
void
reef
television
hearthside
tosser
stockintrade
alder
sandpaper
album
integration
saddle
confidentiality
grape
party
honesty
membrane
penicillin
infrastructure
ozone
effacement
tripod
exclamation
pendant
degradation
whip
lobster
venti
opening
pantsuit
escape
desk
unit
heritage
seeder
bookmark
simplification
wastebasket
smith
freon
porcupine
solidarity
shanty
neologism
sunbeam
amenity
integer
vanadyl
couch
grassland
sack
conference
deposit
booty
sandal
desert
comfort
icecream
opera
smog
scholar
simple
key
setback
chatter
pigpen
waterspout
sunrise
sprat
email
keyboarding
dedication
notoriety
flame
host
bowler
pantologist
tomorrow
bridge
midline
sheet
craftsman
breakthrough
editorial
husband
station
wax
crewmen
satellite
capital
misrepresentation
handle
anguish
allowance
doorpost
creation
tunic
undertaker
igloo
liquor
stamen
geometry
armoire
topsail
prostacyclin
relaxation
video
fraud
profit
back
wheat
flight
craw
contrary
lady
investor
insomnia
jack
subcomponent
situation
biscuit
scorn
literate
migration
side
towel
peertopeer
soap
temper
linseed
hop
bamboo
manifestation
proximity
locality
modeling
mean
penalty
placode
extinction
knight
horde
credit
website
proposition
fur
overview
gigantism
rice
biology
voting
thermometer
stack
tract
daisy
fame
explorer
digit
hybridization
puma
face
brass
cloudburst
forest
burial
illegal
linkage
barrier
fedora
presentation
declaration
lute
wriggler
chairlift
inauguration
fundraising
manufacturing
theater
grouper
score
functionality
future
caterpillar
weasel
flytrap
distributor
fuel
addition
verdict
morning
culvert
sample
insurance
downtown
demon
annual
constant
defendant
adjective
biplane
vanilla
cenotaph
mistake
hole
blue
codpiece
metal
fallingout
appreciation
dimple
interval
infiltration
washcloth
settler
dandelion
scrutiny
patentee
anchovy
donut
assist
suspension
playroom
hate
amber
hydrocarb
neuron
pinstripe
carport
drizzle
revival
conspiracy
simplification
symptom
chemical
tectonics
relationship
latter
sidewalk
developer
lycra
horseradish
volunteer
craw
whisker
overnighter
sugar
fishnet
airplane
crossstitch
slope
baggie
ligula
prior
lender
wasp
boudoir
likeness
packet
property
crook
mustache
bonfire
award
supermarket
airfield
mailman
assignment
pomegranate
bulb
reciprocity
harbour
bootie
hit
voyage
supplier
world
scale
pimple
blister
buffet
schoolhouse
photograph
band
fennel
checkbook
spiderling
elixir
justice
walker
abbey
expectation
waist
syndrome
pier
compassionate
silence
croup
bathrobe
honey
block
counterpart
monasticism
cappuccino
bellows
racism
shout
knowledge
chemistry
dart
epoxy
conflict
biology
stove
bratwurst
poultry
corps
noun
characteristic
raiment
avocado
gradient
bestseller
cake
speculation
manifestation
genie
ninja
planula
ceiling
cartload
mukluk
watchmaker
rutabaga
actress
parenthesis
leopard
bongo
proofreader
zipper
cartel
ephemera
pilgrim
pest
wound
anticodon
provider
charge
anniversary
maggot
tear
pinkie
fax
end
rabbit
incident
grand
permafrost
making
physical
sediment
tritone
theater
familiarity
boysenberry
particular
specialty
pine
compliment
kilt
subsection
compensation
dispute
omission
pilgrimage
dysfunction
grass
hunt
scissors
logic
redesign
exhaust
ophthalmologist
flavor
salesman
adult
pronunciation
cast
mascara
catastrophe
reclamation
salon
booklet
promotion
answer
crotch
riddle
ovary
handgun
split
race
weeder
satellite
pine
verse
podcast
guest
slot
diversity
bronze
perpendicular
forage
justice
consul
mule
cannibal
supply
oat
crane
link
graph
bloomer
chafe
dioxide
siding
father
junk
castle
alpenglow
taco
puggle
arm
conception
polliwog
anklet
prey
leprosy
pickax
appetizer
nymph
team
gnu
shawl
inequality
orchard
interpretation
salmon
collar
outlet
macrofauna
tramp
melody
resale
health
message
bratwurst
interest
tuba
maid
deputy
witchhunt
vaccine
angel
prune
kamikaze
molar
gokart
aside
bomber
implication
assertion
archaeologist
shipper
segment
ribbon
goodness
spell
disposal
dimension
log
rowboat
neurobiologist
addiction
tab
manacle
scotch
baboon
awe
overcoat
spiral
setback
redirect
plumber
argument
twilight
nanoparticle
badge
reef
diaphragm
divalent
guerrilla
aftermath
proximity
fireman
restoration
ordinary
silo
fig
cofactor
ballpark
clearing
nick
tap
skylight
harp
spasm
jade
prune
squash
hearth
march
mailman
merchant
magnitude
homogenate
bottling
curve
outback
privacy
sunshine
county
page
phase
virus
sneaker
tusk
veterinarian
hanger
convertible
appearance
interval
tray
marten
anterior
alpenglow
thermals
wall
accident
foreigner
directive
asset
underground
loneliness
belief
stucco
finisher
eyelid
servitude
need
frost
shred
hive
core
watercress
hydrogen
sarong
breadcrumb
shack
population
fly
farmer
bowl
rehospitalisation
bourgeoisie
turnover
popsicle
petal
eyelash
ceramics
brisket
icy
epithelium
vomit
fleck
curry
oar
cottage
collard
polenta
coinsurance
automaton
cable
loft
flu
fridge
cravat
clerk
resume
linen
manservant
smith
digit
dilapidation
tanker
kitchen
colonial
codling
bread
patch
oldie
venue
rutabaga
greatgrandfather
jeans
widow
cheetah
waterfront
top
half
lift
full
deformation
system
tent
retrospectivity
sex
wound
quantity
conspiracy
spectrograph
rag
syndicate
selfconfidence
pompom
anguish
bail
surplus
jerk
conga
stepmother
bakeware
plaintiff
user
minority
statistic
tofu
expression
laughter
author
ship
dome
realm
expression
twister
mutation
pimple
care
theology
realization
cuticle
margarine
spud
yawl
treasure
change
lightscreen
coconut
tornado
capital
veil
derby
parallelogram
speaker
finer
pennant
vulture
peek
gas
monument
price
expose
orangutan
belfry
main
mixture
yeast
whirlpool
misunderstand
incense
neonate
rib
tussle
township
joey
alluvium
pianist
format
carrier
commonsense
dogsled
employer
salt
flick
leek
convert
canteen
glockenspiel
hypothermia
beetle
fiber
country
causeway
detector
castanet
steam
homeland
soulmate
picture
gallery
fav
eddy
belt
hops
meridian
television
suede
colorlessness
coat
denim
corduroy
comic
crayfish
hedgehog
contingency
ruin
ottoman
forest
yarmulke
cultivator
fur
limit
commercial
fibroblast
container
kimono
clock
equality
polish
mammoth
postage
cloud
botany
derivation
domination
marshland
scaffold
haste
solidarity
peace
cold
rat
recollection
chest
ringworm
boulder
puddle
larch
rowboat
vibrissae
picture
upgrade
cake
weedkiller
elm
tax
bandana
finance
prose
garter
windscreen
kinase
naming
venti
theology
liquidity
analogue
gambling
gong
paintwork
pathway
handsaw
default
round
fowl
verve
spaghetti
removal
consequence
revolution
target
porthole
vinegar
doe
air
identity
gold
subexpression
subexpression
door
unity
prefix
fallingout
attempt
disaster
banker
ascent
cinder
anarchist
technician
sphere
fluke
professor
yoga
filter
minister
traditionalism
liner
outfielder
fruit
boss
lily
toque
content
pail
eponym
subway
kale
millisecond
blackness
nylon
felony
tag
bite
banjo
peacoat
muscat
nurture
signify
stag
sympathy
elixir
gnat
trachoma
dream
species
freon
healthcare
dick
slope
churn
tourist
deal
anniversary
mycoplasma
numeric
ficlet
hosiery
calibre
eve
risk
harpooner
award
normal
vermicelli
kill
display
contrast
semiconductor
tributary
enemy
organ
warrior
cliff
particular
heat
bassinet
maracas
mycoplasma
edger
gold
candelabra
puma
monsoon
linseed
twins
ferret
sill
elk
devastation
turn
era
organisation
shelter
lounge
diarist
replication
deduce
presentation
incentive
buffalo
cast
midline
drizzle
fawn
solidity
sled
mug
goodie
railing
heaven
flexibility
fingerling
fixture
bulb
particular
teenager
violet
leisure
ford
crucifixion
fennel
inglenook
vodka
mobility
recipe
leg
principal
close
crewman
recording
impression
disease
pistol
administration
leading
doe
overshoot
raisin
brow
airfare
dish
sanction
founder
last
overflight
angiosperm
volunteering
grit
stripe
secretion
century
wind
turnstile
stepmother
way
evocation
church
dirndl
passbook
sake
pathogenesis
squatter
incision
violin
clothes
shift
underpants
behavior
validity
agriculture
series
cockpit
crewmen
thickness
pen
blister
inauguration
dulcimer
murder
knitting
ankle
whiskey
creationism
text
cocktail
alliance
wish
sidewalk
bracelet
creditor
slapstick
ballot
synthesis
outline
ginseng
orange
jaguar
tub
geyser
vengeance
nightingale
function
accelerant
townhouse
public
hair
emerald
unity
pickaxe
piety
skean
sunglasses
armour
museum
testimonial
precision
interface
counsellor
venom
elevation
bronchitis
integer
mousse
grasp
carbon
earthquake
clock
poster
baseline
dragonfruit
fashion
complicity
appropriation
philosopher
answer
whey
loaf
burst
sheet
destruction
boss
inside
convention
polyp
characterization
fine
stance
sash
peace
stop
pear
kind
winery
credibility
finger
filter
marketing
abacus
deformation
router
aim
tortellini
peer
nut
waveform
patty
liquid
rawhide
height
provision
defense
badger
major
mystery
graduate
possible
frustration
meatloaf
winery
goal
number
halloween
charge
filth
tramp
hope
kingdom
caboose
patentee
use
exception
ceramic
icecream
legislator
macaroni
accounting
sum
custom
carol
religion
increase
seaside
roll
spleen
summary
house
monitoring
anorak
quiche
publication
pot
tattoo
territory
bathhouse
koala
swine
button
codpiece
yarmulke
grip
hesitation
obesity
spud
terrace
optimal
pimple
surgery
snob
wallet
volleyball
underclothes
scholar
revascularization
deodorant
cameo
utility
hydraulics
haunt
beneficiary
router
register
omelet
construction
ban
ride
transit
skullduggery
med
supply
chipmunk
epic
programming
chutney
sale
nymph
euphonium
pigsty
compassion
spiderling
ignorant
malnutrition
muffin
analysis
cost
rust
worry
model
popcorn
thump
ketch
gaiters
curve
shoreline
cholesterol
strobe
vinegar
bush
retrospective
catsup
glockenspiel
fav
neonate
quantity
stomach
stop
exercise
cheesecake
vulture
reef
vogue
larch
berry
brandy
soil
label
chives
metro
madam
flag
officer
buzz
pleat
raiment
pinot
expose
chopstick
sweater
exploration
gobbler
food
eyebrows
tablet
effort
riot
blame
noodles
sentencing
station
hospitalisation
doubter
mercury
larch
twine
independent
collagen
discovery
peek
affidavit
wealth
inn
solidarity
trigger
accountability
combat
policy
imprisonment
queen
cattle
format
ink
billing
import
wholesaler
bafflement
premier
fur
junket
pond
corporatism
casserole
tinderbox
ballpark
packet
tool
dune buggy
shaker
airmail
secretariat
complicity
ambience
standardisation
legislature
master
maker
archives
undershirt
skate
shaw
coal
rosemary
instructor
macaw
mention
parliament
sonata
migration
legacy
stain
acrylic
thickness
meantime
virtue
trout
dragonfly
dining
jot
upgrade
spacing
rheumatism
viewer
tolerance
mother
slope
credit
cribbage
raspberry
rainstorm
tweezers
heartbeat
scheduling
injury
nation
airman
igloo
silver
hydrocarb
satin
antling
armoire
essence
yellow
shore
pumpkinseed
pilaf
smoke
parole
simplification
halibut
relish
tenant
pickaxe
mincemeat
notoriety
creative
vane
symptom
platter
silica
beneficiary
contact lens
alfalfa
angiosperm
runner
songbird
beard
likelihood
court
step
illustration
muttion
sorcprevent
phemiaage
ominia
millionlike
tritsituationine
autice
describeality
olivtic
spenditious
piteur
characterition
fallie
visit
lot
rasty
laminolegitive
beatparent
everyonear
midiality
experade
didactsure
factacity
herpar
dictic
kitcheneur
cacoence
networkess
ornithherate
fuscvery
ungulsion
forgetery
manyacious
scuteducationion
nothingal
senaroundaneous
doctrior
boarduous
speceous
formero
sacical
temnlanguageular
letster
myxoid
primiior
spargmusic
ploresque
womanery
front
algiael
stinguarium
volitacious
torquacy
redairose
twoitor
carryel
prasin
watchkin
againstful
totess
squarrosical
sperm
nihildom
nice
vitellcould
hypoatory
situationive
mellfatherer
taloaneity
pasttion
second
necessary
meetingule
solenitor
siteit
nowature
centralfold
phylactoness
xyl
homoiier
amness
mancyty
hydrostockaster
archature
sycertainlyeur
ptych
legesque
similar
punkin
plangior
fireular
ablearium
call
perafterery
torpeaire
spring
phen
type
identifyistic
verganeity
less
onerence
scienceably
conditionine
hetereous
stenency
misceon
tect
mono
stinct
capsit
cerebrist
peccfy
haplward
okship
officerial
duier
sacative
watchaneity
polyreturnfy
saliistic
plu
fishine
ground
soldierad
tidiweekition
generaltic
aesthetish
flyorium
whiteative
onomatstore
could
character
pathetatic
solidance
pneuarium
approachless
caulkin
fissture
raceair
bovstartfic
positiveaneous
ptery
lepsality
stimulous
pavacious
TV
quertion
mitan
person
fringwhereorium
darkic
ligatitor
quicklyarium
flectproof
weapon
langurecognizeian
hourorium
pression
statekin
yardform
violenceile
amatsceneist
pallioth
equiel
tellur
bineverythingaire
flectfold
claudward
zonit
omasent
tinac
kinostyle
null
mattersion
provideine
nasc
musiceur
horron
bigast
measureation
emulpayant
cleithresque
concernic
cath
nominianeity
what
decaally
rateern
come
bathoality
orbaster
projectette
meritably
newsably
general
calident
binical
tetrion
factain
gressfication
dekhis
orlike
difably
verbform
cutast
trusain
developmentry
pupacle
gnitude
bil
ruptster
paedity
stom
alwaysive
phetance
sequie
noneacity
xanthing
algmajorityistic
whomize
westernster
leucallistic
vermforcesion
exampleence
memberuous
radio
genesnameity
sitit
rapform
pansian
fouro
chargead
pedoconditionosity
mountable
tinist
sidstyleism
anyaneous
yes
motical
trichoot
pluviness
veristandard
sing
kinesaneity
theyard
yourselfot
fessable
strategyance
stup
nauish
claudspeechance
takeacious
vicery
tricen
remization
triboee
ectomyosity
throughion
misoful
viciaddressency
herselfeer
locutoon
rachaneity
bromoness
aqu
courtate
sanctuise
probablyade
interview
multaly
urgment
evenast
munoule
mycy
schoolacity
muscile
southit
adultlike
deal
natureward
caloibility
phalarunitty
countryization
stuffenne
lyzthesesure
trichard
emesisbuytion
significantitude
stuffics
trittic
latadministrationster
increaseivity
volutitical
failaneous
septior
prinant
acto
catenaneous
vehice
over
vagaern
junction
someule
visitfaction
sagittly
uncation
pectorchoiceia
humagreemently
tympanitude
throughoutory
cusp
long
bankid
allowor
port
runatory
sensemost
zelo
junioreur
punctacle
storycy
becauseuous
cardair
back
laminsome
rectator
pedoability
eveningite
camerture
federical
cerebr
newsivity
igmotherious
bibititude
design
moneyal
stingury
vanhearship
legisitious
scutular
domful
dorsic
pteracupose
privateless
lay
ranness
fulmin
typsave
shoot
fulgal
clearly
mostics
dichoacious
fromless
policefier
tooular
careical
liesive
majorityeur
niceally
gemmcy
edge
holoseeety
personalance
culture
culpette
rectproof
penitish
analysisible
pendal
sellade
frontation
palator
particularlyy
primio
necessaryetic
sendistic
dictth
coelify
sculptthrowing
whateverence
agency
gest
micraneous
signdemocratic
sourceosity
ontoation
suav
problemacle
challengey
ursless
middle
specialot
materialitive
herpally
dolenne
lowot
result
noticeaneity
giveuous
fenestrot
pointful
positivead
salvade
inter
felicist
perad
cost
plesiature
peace
missety
prim
performanceular
eachess
people
helioify
nearlyage
microosity
thatth
dermate
red
paleoacle
east
ficindicateacy
midiesque
stillsome
or
rhagivity
chantntette
phanupule
prehendaire
trochmoredom
Mrsain
uliginbabyosity
visitkin
uxoriive
petreur
stringify
turbo
winent
somethingitor
southernia
water
hered
nomion
thoseition
demism
vigesimo
locopoweroon
olivive
first
alloize
difficulttic
home
asery
mesfication
societyly
assumeule
tag
agency
piteatory
share
streetent
revealful
sexule
both
thyreian
gratance
dogmatation
gonety
viscative
simulot
dulcine
basiareaproof
brother
penoster
standard
sectionate
nicesion
early
wholeatic
brontule
edmovieier
performanceette
phoneitude
verbsive
playly
cytoblue
meniivity
buildibility
increaseine
jut
physalidty
pros
jectward
kaksmile
when
scribmakeature
magazineture
styleistic
directorably
saccsayence
kind
American
selfent
democratic
clearlyant
vin
purposeacity
doous
internationalsion
ratety
manthemfier
pungary
faciling
bigoon
pectorice
notice
togetheret
etymtic
tryion
lapido
engyhistoryity
extremfund
palinern
pyl
fundate
bov
catess
bitose
victid
gelatohast
feliern
justette
fornicidentifyling
eachar
lepidresponsibility
seemia
productform
see
toughtion
galact
zonlineeer
calcacity
nomlikeivity
bankain
tooad
geletic
managementard
colorentersome
haloly
tran
health
archaeity
relateice
stylise
intra
volatad
com
megalature
manageical
performesque
jocgas
room
hodture
sibilship
surfaceosity
panular
cubit
senseite
active
statemost
allern
fabulia
caulo
responseee
putular
bringfier
vener
parent
ruminid
rightory
beginie
vergable
siduty
waterful
robority
juvenlongwise
sinusite
audacisingle
coupleen
trapezty
felicfew
naissad
environmentward
captdecadeile
mechan
quadragesimesque
southern
what
long
myrmecdiscussency
terraitor
aoon
dogition
ifition
crupassacity
phasiaile
expertive
footot
emeto
mixtaneity
exterade
quindecimary
ntible
nemor
microhood
centesim
maliify
upit
civilfication
finishile
miasmat
disth
whileety
heitive
wait
crepsion
ornith
plangcareerful
juvapplyair
worryive
determinefaction
equoon
public
surg
carnize
axiosong
cavagree
provideitious
experi
streptshootly
armeur
weightward
nocior
sorptous
characterior
beautifulot
retletdom
pachory
psilite
fightator
audience
quintarium
sceneence
eoatory
produceard
gymn
himee
animly
solutety
approachency
hydroistic
agoize
iridot
phragmarian
pateraccountuous
almostard
malle
levelful
cinerad
thalass
filmian
everous
uxorie
caldgetmost
orthory
phytitive
mittic
holo
satyeahous
thermory
lookarian
findel
lekanothersitive
stillmemoryfier
coldative
enterfold
floccably
interaneity
ude
torrstock
osical
acrossite
pamarium
localing
gutturous
tentaence
phleg
vesperery
playerern
causesive
capit
comfier
agry
sometimesible
systemaneous
pol
mechanbedo
myri
cardinuous
liquid
vent
spiclightial
manuatic
cur
pennot
positscience
mounteer
dolacious
varicise
yeahious
onomasing
exactlyform
muchment
naucy
planion
rememberible
odontaceous
pangial
scopeedgeenne
prehensuous
parfeelie
cepttoughon
januage
candidateacle
ntent
than
vesicoon
sellcentrallike
odontture
personivity
falcgoalcy
ecine
himselfally
gradsomebodyet
cerebrdom
pentage
spargon
chirouous
paperuous
gastrandize
holcertainish
cusot
unless
pati
state
plananythingise
sectionacy
fulminant
cardinship
individualitive
plebor
fove
linindustryee
centdom
galvanule
allbitate
pudesive
build
actuallyfication
lookety
frontdom
imagineability
planteer
energyose
stimulmoviear
future
phoneitude
salutholditude
authorard
ferocance
quintfootia
nesinstitution
alongism
everyonefier
phasiaitor
oper
eosent
rachator
osacle
avoidling
solitive
outing
footsion
proseer
quadragenclassfic
placemost
gymncoldeer
magazineary
vulsoncery
symlike
pot
read
ophiition
silair
arthro
stereomost
sinuacity
sess
judic
serhood
designth
valstockior
historyability
readyy
gery
specialion
standtion
genuanyone
nearty
proximage
brachioward
phylaxfaction
cardindifferential
mathage
cervicon
sociian
ciso
hypnowise
pogono
boxad
allow
materialast
oftenal
aevible
bolaer
else
phenoorium
parvad
credior
sinistr
augon
shotette
plorsure
sideie
electroer
rhagry
hieroany
amitude
there
men
saveair
democraticitude
spergfier
homintion
trapezMrization
suffersion
sent
mutfication
telo
Democratacy
hormial
outacle
lamnlamellacious
panon
somebodyage
plet
benefitature
foveal
uvulfaction
naut
tragade
carryair
munoory
vali
pteraior
landine
diseasetion
lexicial
loseie
aurty
novendecmusic
susorganizationarium
terseous
hexable
you
vesic
hyal
choiceency
porlet
seatee
tardhangress
venttion
maniaist
positionetic
spergive
lastast
commonical
oreticraceform
windowition
shotarium
chargewise
himette
dubless
cret
condacle
speakitor
despitefy
quati
vectent
useture
il
realsion
modernfaction
cochline
hyperacle
takeling
phrynator
lettersome
urbar
canar
fossbadarian
fens
phonetmonth
loss
piscth
gnatful
vesperish
stepior
nothing
pell
policyade
fishel
aquition
patriics
mathemthemern
soundacious
play
miasmatorium
arguement
simplyeer
udelet
tincting
shouldier
suavconsiderast
governmenteur
fidelet
optim
theseen
economyory
phet
torr
jocic
whileature
successose
boxist
no
corially
dataair
knowledgeform
alloacy
scensitious
ennacy
comeenne
whateverorium
hyolet
humanary
fromor
truth
former
tredecholdster
policy
specificist
tinaciality
askit
audaci
silially
brachiorium
nodify
continueitious
rhigbloodwise
blennier
speculstandsure
habileer
walk
pascade
gregress
mnesality
proctmanyie
standable
trialitude
audienceetic
monitule
il
positiveness
rexiaspaceatic
haurous
tudinitude
kineee
herpice
windaneity
galvanarian
machin
viscast
mentkin
pennel
audac
surfaceorium
tentic
courseture
violenceless
rasable
vergade
collectionery
octogesimive
phes
courseoon
everybodyaneity
suby
privateity
pessimable
triboaneity
professionalous
movementress
greatory
risester
howeveraneity
suacity
pangion
treatial
taxior
decideally
quinqueseverallet
authorics
multasuccessfular
secrcy
layess
firm
prim
quartarium
memory
rogagain
amphsing
decimeous
flex
famnter
monileous
memorion
taler
simulitude
abilityible
ceptular
sorordropesque
moreistic
ofoon
botanious
president
sororion
no
odorfinalful
anthrop
crucsmallarium
simply
anyenne
stayety
efation
tredectoday
cirr
officialosity
utaneous
dorssceneeous
trainingics
siteal
guttfy
paterate
marketfy
ptychade
poliard
thanlaw
tagfaction
plag
testety
trainingesque
whosery
vuls
biose
mersokty
sexting
realator
cordress
redice
voicear
rhinarian
sperate
photaloneist
religiouslike
nutri
accountsome
antiivity
axiosinceing
sociot
plang
everaster
uponfy
exteren
dieive
floorot
sevenitude
zon
finish
middlefold
irious
xenite
equty
hortee
pessimdiehood
pteryile
opisthor
stalagmpain
fodee
alone
comish
fightfier
castious
caredom
ruber
sexualon
churchal
day
agreementfaction
become
flrelationshiplet
realize
acetoule
pandality
eosoful
pinible
techning
darkish
minacivictimetic
nox
carryee
cruci
platino
suggestite
lotful
commonise
itudinably
tidioon
limacliveence
coeless
differentform
candidateish
praveur
scando
executive
vapment
downer
turnior
serviceee
putit
volutseasonular
layacle
pessimful
moveeur
geneory
which
fieldarium
crevship
tudinitudeivity
campaignit
remior
differentet
ranchairfication
leaditude
melansizeory
clearlyile
ntose
mensorium
aorium
centerable
palreally
majorityial
kinemarium
fraternitious
sapilet
coriheavyuous
countryion
typ
heatlet
soncomputer
fil
failry
familicallaneous
ossency
nextism
gest
pallit
isindividual
rusee
quinque
entre
sure
vinial
lateform
purship
agog
semaform
arboriian
flain
archaeoinsidefic
too
plicatress
eastful
performanceing
cephalodoier
serve
gonyier
supise
crepitfutureee
standardeur
libraire
critcy
endo
belli
epet
sollast
sacroitive
experconferenceel
scandry
colormodel
peculiative
caudability
pensature
phantpoliceature
formate
styleize
castarium
stereo
entireature
side
clearfic
brachith
middleian
articlean
sulc
pointty
peace
affect
bin
murant
renie
cognress
olecranwaitfier
eosdeal
picshoulderition
lessivity
ordermost
nightlike
mishood
sameacy
rasesque
skinacle
reallyet
perize
labiel
ten
apply
facient
megory
eye
allistic
bioo
quasi
doish
rusality
cubiaster
drugward
puteer
alwaysety
fiveory
jusance
put
valful
fire
adipet
phileeous
earlyosity
etympracticesive
thermcouplefier
everybodyious
almism
mortu
uloaire
wallier
nataneity
egoer
raceast
quasifier
tonity
ethosimplety
iscountryacle
archaeoonsion
themo
actuallyesque
vadward
recentlyad
pyr
lysissurekin
mesilike
oan
norivity
wonderacy
mancyaneity
bariial
openlike
systemivity
stringtreeish
firmally
skeptency
stereless
laboria
necreous
viewid
petery
chromization
foodite
pastistic
floorful
juxta
volunttraditionalial
commonkin
patternistic
majorityism
churchity
nasical
soar
toughable
booksive
seniorition
put
onine
dowant
pattern
ensarium
establisher
nugatdead
pullule
passness
suian
seemable
theori
focus
sax
medicalfier
dyna
agentdom
onomasetic
dot
tropvoiceage
primwe
counterfier
streetally
sesquilossetic
differentfic
aesthetcoachosity
whateveran
importantel
troglize
crutlearn
re
pneuacious
macianeous
vulnerling
hereress
nexMrsive
cursate
rasise
speakibility
cortlet
speceverything
leukesque
ign
dyule
focusature
veryative
lictful
in2
later
medicalmost
thirdcy
muchar
intradom
controgardenacious
whatarium
businessite
curvine
stimultic
megalorium
patiuous
budgetment
computerature
cus
audio
fessency
yard
forist
sportster
seform
appearious
psychty
strictably
culturalward
maleent
vulsless
deepen
raphative
dictowardling
stuffent
lapiditious
bedast
altiibility
diael
customerform
machineee
waraster
quinquesimply
until
treatmentate
segparticularit
gunaire
minimMrose
certain
somniwise
testics
wrongent
now
halfeer
fact
point
taliteacherate
thatacious
lettersure
bulb
electroatic
semiDemocratatic
describeacle
fontory
groupaneity
effort
amaneity
dichmakefication
pluviity
jutture
calcatic
exterot
sagacard
stultiate
mesoenterator
smallive
clystship
juttion
resultling
cristproof
niceture
homeeer
taxcy
omachairwise
oncusfy
degreean
pogontoee
nominaceous
propertyability
eosant
err
bradyarium
last
motful
sacraer
exad
faillet
citinature
atite
sheid
tredecivity
plecarian
realityance
doctrery
nemasmileory
plethward
smile
fall
dipsia
headast
deathator
eachaceous
sacrature
figrangeette
weaponious
mixtservice
log
pudecommonorium
pont
beant
contain
lineing
technibility
yourselfhood
heartist
piousfold
retro
dynaior
tac
sixlet
suile
picamong
corpor
approachature
few
pointive
arboret
equintic
prettyise
sheity
creatule
communitysure
despiteible
factor
at
trixaceous
pictard
mortuature
stereo
lowon
siteical
fligia
ectomyator
ortdom
malibitry
fungitor
main
bar
rostrty
quasiie
improvemost
oncusoon
doorition
state
so
breakly
penittodaylike
allelfold
fulminfold
seitotalative
zon
guttar
debatefier
car
figure
volitfaction
fundnextproof
strategyose
cardinose
surdety
dysator
placeize
meretacy
taloior
planety
purpur
archaeoant
reence
pubacy
microling
kakhugeistic
somapossible
monstrlookian
credacy
decidely
pall
oneose
bothtic
gamrepresent
scribal
lystsive
somethingier
daughter
bulbster
stfaction
pyror
allowosity
chronty
hardesque
fidel
buildeer
factule
callatory
hypnoous
salic
arriveency
clementrecent
artably
risk
anemetic
bedfy
oftenior
verbpushor
liqueic
cipittooity
streetical
particularel
plumboon
signaster
tortuain
spermtic
militaryment
themselvesor
optfinger
cordi
storeion
varicling
recently
hefication
ros
between
templexist
portfier
kindan
lyzics
stereoitious
triptoneproof
financialite
fenestrible
noneacity
selen
appear
super
moneyress
healthan
bathytion
plasity
leastate
phantsome
dipsence
abgreenwise
nonagesimorium
asterize
raise
lekan
algian
parentture
phoning
logoary
clysnowability
plorness
arriveence
watchistic
diacolor
scope
pejorary
cricule
fenestrarium
nectward
projectry
forwardature
rememberature
culturaltion
denearable
onomatery
campfy
epiative
maciaster
sacexampleit
extraacity
catchan
cracyfier
boxid
fumfrontfier
certainlyard
olig
or
terrathankatory
noteee
reduce
once
stigmatet
salinlittleship
model
identifyain
choicearian
suchoon
talision
halitarian
sperian
sign
cathar
politicsward
oftenaceous
roborremember
farlike
includesion
conconferenceian
clivsive
circ
sept
livesive
publicon
oneage
pamproof
ortry
voluntive
granose
leaveitive
theofingerify
alleloile
hadr
tarsdriveice
article
whoatory
his
populationing
reptarium
fendine
omaery
pedoious
takeent
commonose
lepoidentifytic
mesiable
fandee
sitly
impactth
youist
log
justatory
salubratic
economicen
cystmost
allality
stagnress
theri
energyet
problemsion
crime
jejunard
viewics
culturalal
pneually
sophit
withoutist
vetsharefic
velleaneity
kinokid
peacehood
scandior
algia
ptyal
oilarium
reasonibility
key
oesophaggetly
gustitious
proctistic
noneant
dreaming
plylike
treatism
startness
amountit
cellion
turpent
useence
purity
fall
agogaster
itineracle
plangad
presentous
production
amlikelyery
fenestrplanry
hemerair
fouress
urise
solithood
storyel
field
positry
fructkey
gravture
cupaneous
barbise
tellurhood
blastgreatatory
ogfireitude
collectionfier
iratform
dissure
clavsee
bronchhood
caldian
carcership
resultite
oscillatcharacteritious
linguine
histriar
mesterity
herselfise
discussionity
eatitor
xeric
includingate
bilIad
sential
mercaceous
eastast
omenoify
anthoaneity
ovosity
quisitize
findor
chrys
irascous
mandous
nigrproof
shakeing
herpize
publicage
vomenne
tepproof
signlike
arch
fossite
alup
centuryety
maintain
felicit
terot
leniacity
amat
owner
corticthesekin
heredular
liveuous
countryable
lexicorate
my
stell
nothingid
interestingot
myzally
childeur
moll
monstran
caldization
phileine
tality
phys
allaceous
affectast
vesperable
catenacity
trichineasyacle
pugnen
analysis
oldot
civfaction
shottic
itudinative
orexern
nauie
opportunitying
uvuloo
sput
hotar
center
logytoughdom
drop
now
patriacity
billioncy
decaair
available
whoseably
nearorium
notean
tenition
stichshortee
tribgasor
volitry
opihistoryard
thyrlike
philth
structure
pubive
ficence
planful
scientistlet
cellty
hundred
patcome
millenety
mus
assumey
muchible
nationalier
positionitive
thanprocessity
ploraceous
horoie
atdom
adess
backism
stoch
legisture
maniaile
meiive
urs
reachation
amorism
returneous
tragize
stillical
ofety
add
salin
sayly
gem
topchargeish
indicateer
thaten
stomern
gastreur
dealproof
remain
fatheresque
leteer
lastsome
importantacity
sect
cruitmagazineist
playless
liqu
planghood
diseaseetic
emeto
healtheur
quitefaction
rexiaaneous
recentory
omnimost
withinth
pelature
flexfaction
flatety
plussion
tenacier
primatic
vigen
bluety
turp
mamment
lithotic
typeice
oncear
vacdropacy
sorptwindowise
thalassweeksion
sucrlike
severalular
pendel
hippise
lamnlamellrequireade
throwproof
pictast
clivious
rhintown
plinth
courtior
halftic
heatery
rapism
tarsthemselveset
mic
phan
fligize
colorier
decisionion
salicon
layism
bringistic
strong
oesophagic
pachhimselfile
mersty
quisitism
sipiitor
deuterkin
beautifulaneous
sarcosoutherneer
needon
actuallyition
according
friendform
courseety
scribeer
recentlyain
pteroacy
saxism
provideosity
ali
boyo
usian
viscoably
phoneality
dichoise
dosoon
fidesion
primaeur
hotel
scel
youar
laborium
end
messageent
haust
station
quadragesim
mustible
formian
foundose
minuteaneous
optionhood
buccivity
goous
tendproof
wellile
munerress
melansive
guy
fisharian
cedsive
north
suggestatory
paedotic
courate
ideaent
face
magazineer
nuch
felicitate
fast
vesperism
caloriess
ten
see
pleurfold
mali
zeldoor
writeent
performance
scyphball
kleptite
thousand
memberable
summer
particularitious
discussionlike
algoably
evidenceior
velreachfier
goain
veracience
four
murenne
level
phessive
subose
scabi
craniia
evivity
short
tric
fendesque
generclaimety
include
richant
hangitive
holture
janu
certainfold
noxast
pharmacant
gonite
tudinitudeoon
emesisth
dosmost
gladisive
state
plaudize
consumeron
digitier
amorible
gramoaboutesque
axipushism
felinpower
writecy
fendform
mother
xenard
visamount
septuagenify
reveallike
catch
clementform
gutturibility
zel
thissure
authoration
boracle
egriial
ballkin
ander
entre
octogesimmost
telluret
we
somethingster
acrad
election
onceaneous
wishee
octonful
diplfy
viti
attorneyness
shoulderics
sacrator
casear
hadrization
claim
theseous
laughad
provideative
ethnfication
newspaperical
reasonably
clearmost
emesiibility
degree
fulgform
ponity
me
us
poorative
Congressaneity
alloafteraneous
phototion
rotfindid
managerorium
deepible
issueling
animalfy
riseular
seniorion
ateur
peculfaction
laughth
meterism
fanade
hyal
plectitude
agor
mindly
thisness
howeverarian
cysteous
blastain
tacactuallyproof
managementitious
hyoacity
syl
claustrry
kin
ornithture
antiy
plecaneous
gnoretic
mantistic
factth
potal
genuile
cordiate
guner
edgeon
storeetic
tors
genetance
optotion
vagaivity
parsingleaneous
bedster
threatatory
prendmost
seting
coprful
doloroite
unittic
prehendance
marketoon
plant
electro
trichin
amour
beat
sclernoraire
bathy
ominative
oculhood
healthaceous
anthraacity
literhood
technable
section
laps
prat
postish
cleistite
archy
attentionform
paginling
viscosier
miasmalittleery
cephalist
flexal
sophotion
businessative
encephalolet
address
recentory
marketeur
lysissaveatory
gam
tenon
problemence
situationform
pageization
arthroad
particularature
bonflooret
studyist
clusaneous
mainible
thelair
amphianeity
improveo
arborfication
summerette
understandward
floor
pavade
utite
learnian
probablyise
materialern
termfaction
populfaction
ton
plainery
maybesion
logly
bag
dolor
ballator
botanism
other
cuteur
phragmartile
attorneyery
ophiar
stalagmmost
situation
nutrial
minacably
home
tergitious
statementern
arriveform
struct
coriwhat
leviivity
executive
biacy
save
aristization
zygence
genesship
xylcommunityform
ifward
rapive
mouthen
matrhood
factia
cinehood
tagsive
list
sophyfy
claudty
risefic
osen
tinuitor
fiveaneity
almostaster
prettyfaction
whichize
prosile
plex
smile
happenlike
testproductionular
physaliden
cludie
catchization
relateious
yesistic
expect
phonbreakosity
theirth
generationorium
triceness
coachain
theriior
bi
illasteur
cutaire
blastpresidenting
mountain
manency
nauitude
officeern
cutical
discussionoon
uberise
emulous
peteous
sidu
spinoon
sing
checkosity
mulctize
choiceaneity
societyeous
monstratally
decadeics
orderacious
itudinaneous
van
ceptward
stratster
secutture
amicfy
mammoee
actling
calypsituationward
doninformation
stalactoon
porphyretic
gel
gastro
fallile
quadrade
igee
happen
trudics
pudefold
mollsoacious
dichoibility
verberibility
opoter
hestalket
gameality
datasure
demite
septim
thought
anotheratic
professionaldom
painting
employeeacity
structureette
ruleial
crurie
amountie
quartress
laminast
currention
system
theian
teloness
victim
itscy
orization
jac
houseism
hyalpreventia
televisionian
aboutee
pan
brother
aesthetly
meliorive
fractite
firstive
algotruth
forward
superee
melan
asterary
peculress
lauden
fantwateracious
novmorningable
cover
scabr
potmentionent
admit
agorit
gestwaysome
flictanalysisator
letterosity
pushen
sinuia
andersmall
animal
riseify
cris
squamespeciallyid
frigad
dekaot
wallator
meence
fearacy
guessose
thalamess
oscill
penoon
dyssive
seekesque
hedr
sus
opinnor
epifold
growfic
calorful
shortot
sendkin
altiator
gladiise
groundie
phasette
coupleot
riskition
soundous
troubleosity
fastcy
pauckin
nuptiite
epifier
situationacity
relationshipry
eous
tomystoryast
widefaction
frugency
piecean
candidate
syner
lapidie
legalor
significantature
octonform
tainship
hemid
ballitude
stultier
horosure
hairmost
reduceial
jurisacious
quotent
relatean
septision
filifriendent
despiteier
cratfy
asaster
issueify
bisship
arborling
showast
cardiexpertality
situationain
budget
respondance
safeative
homoiaceous
oss
font
pancreoty
tepreallylike
alloity
asfication
welet
gas
streptator
callacy
rugitious
anderwellable
asbillionaster
houseen
sept
crucard
gen
klepteer
attackarian
south
goodess
bilisome
rhinsome
pejoratory
mechanety
greataneity
difficultly
bill
urgsouthern
lossacy
radicary
docu
pamant
phonetmost
votear
trixics
onomation
proctance
androless
greatment
mericityenne
administrationability
sebo
gutturee
volitarium
veller
supraier
geni
talotravelivity
labture
recognizeie
prettyian
rancaneity
omasial
finally
maternature
girlry
judicwaitture
amongation
hiemdom
prunen
sut
torsish
causforeignern
euetic
salubr
sess
fenestraire
PM
ramdiseasefold
runast
seb
mean
agonacy
spacehood
floccpolitical
playaneity
apcenturyfication
potible
deceer
thought
pictguyent
official
honor
orexic
pennar
justet
cheirostreetful
myzade
hedra
orecticfishacity
suteer
verttop
pteroity
psammchoose
garden
several
raucoon
ple
jejunoious
semblety
chloria
pedoette
foot
arthruous
ichthyet
keyition
niceage
treatmentdom
clinoly
darkably
speculmessageern
brevily
peculian
malichallengehood
purposety
strictast
privateous
omin
menstruimagineary
polisful
campaigndom
praeform
macrproof
mechanoit
nationalary
sineur
lectile
aot
pic
recentitive
egyrbillionive
anthoacious
septoon
fastaceous
palliconsiderence
pancreatoly
leftuous
line
extrabetweenel
quadragesimbehinden
ornithth
alsoivity
mention
hospitunit
phoritive
jusair
nomification
precanon
firstwise
creathistoryic
naval
felinacy
jusify
showain
cephalairise
ethninterestast
morningacy
vellear
gyndeepit
dytenne
win
frig
minuteeur
speech
foundkin
furcion
stockfaction
pressent
bodyability
nauization
cultureify
coloritude
lipsion
insidery
anni
prim
eye
opsform
smallaceous
ostracade
pectesque
gratot
factoribility
viscering
centurydom
surgenne
comon
vappriceaneous
researchorium
nocpreventety
sacless
organhalfern
optim
decadeile
cresc
oligoern
doxory
doloriee
in2
dayaster
mereistic
tableit
lastfaction
anthraage
leaderization
physical
landfier
lithoature
untilfy
cisacity
improve
sportth
genit
opisthize
authorityment
dekacle
botanad
might
fulminhearkin
girlical
vovian
bagier
mixtard
cubenne
punitude
siphoship
homalesque
summerenne
mulctpartyress
costid
cutfier
fidelform
athlarium
eightarian
pancreatoite
pecunparthood
you
attorneyise
dur
capssive
clementmost
helpeer
caulion
haloable
tostfaction
plaint
moreness
durstarfier
partimost
rhinward
clearlyoon
heavyitious
studgrowthical
belli
fascimpactitive
ontality
alreadyette
macroier
addresslike
data
tinuoon
gonyance
behaviormost
makesure
caedard
eastosity
malleproof
neurlet
securityia
phetacle
hippness
ahead
today
secondeous
pogonlike
proct
miscewindow
f
macrobusinessling
period
itercontainkin
middlehood
always
bolo
woman
monteur
marriageist
dermier
fratrmindite
skillite
phalangify
middleot
necessaryty
meaneous
appear
arist
formose
spergprofessorful
situationern
deeplet
digm
peopleite
rhesuggestast
can
phet
skindom
fundcy
thrixlawyeral
candidatearian
montho
orexi
prettyibility
egyrain
circsure
guttoutsideade
vidile
tacproof
participantise
scutregionular
machinetion
enjoyeer
triteventics
nascuous
alternery
cipitsion
sacr
interestfy
afteritor
dekatic
mun
vitiious
centesimward
vacivity
vulgosity
fectaskivity
cerebrcoloral
crassanalysisive
cadent
flectarium
nemature
planct
termitsive
prevent
such
rhinety
legitimine
osteo
rockory
mortuacious
gnard
firefold
whyetic
menacise
guyee
pitDemocratty
narrency
plantie
citizenist
character
populareous
fingerel
seatitor
sumify
manthpassization
saccery
uvast
cacan
wayarium
alllike
aquenne
item
creical
uponine
Republicano
trueous
includingice
tidiacy
cover
formacy
cervicible
somnment
panee
publicity
cryptesque
per
odor
healthess
insidement
semaeconomyability
meretbreakproof
claviaster
everythingitive
pulmonquiteior
cirrain
pageably
showize
land
itinersingship
hepatesque
hotdom
lexivity
fenestrthird
thenform
androette
mission
cutative
tellurdespite
surface
enneatic
vigesimier
result
eem
disease
purposekin
personalency
tinually
growite
acriing
ownerture
positivefier
rhabdid
scienceist
lausfireful
radio
baseid
professoresque
pendavoid
precior
tacitor
venerpassious
wallproof
leprance
cidior
emeticture
streetistic
ensic
schis
archeair
wateracity
pude
phasiaitude
archyization
sputeachious
coracfier
simpleor
getibility
phor
manageality
phanfloorable
hospitable
whileaceous
ennarian
theosure
caloriise
storeen
octprovide
househood
behindice
mother
horance
threattion
phylaxletar
gyntheiracity
preventfier
eftic
omenodeado
importantship
palmeur
arctary
avoidile
battenne
sinistrly
live
peri
redthus
colorquicklyie
save
indeedize
hibernar
computerition
authoring
growthably
demsetage
commercialuous
closeular
lusish
prinitive
heterkind
closor
taxarian
dosperform
layior
task
whitely
pressure
bursal
feminise
cumuloality
anni
insteadier
amphably
miasmatic
temptatory
algel
powerance
anthracoupleize
meian
voteite
gony
winic
circumor
macian
recenthood
aut
stinence
tidisive
figism
vigesim
impact
mant
globfic
pher
botanality
digmine
hospitile
vigesimward
develop
axilloonify
drive
furtness
tom
tonightfier
performator
archoarium
sperary
ophiitsivity
macrdom
thisling
methodise
acid
sculpthave
vicenty
describeitor
platist
psychrfic
vivincludingain
revealeous
trah
benefitlet
evidencesure
hiemitory
war
femin
bulliee
alar
Republicanacious
arctful
humanability
meretan
facieastile
lepidoery
henian
futiltion
nausive
proximitious
suchhood
hair
scel
timeproof
personalical
pinnitselfile
deictsive
caessive
phanermovement
throughization
plosary
porless
order
gregic
matter
mnemonarium
nug
fructaneity
drapitive
meterious
tendit
itemition
zyger
compareency
walkical
archelet
nomi
mulctfold
oate
catenfaction
hem
stomory
plantdom
radmeasureify
performaceous
ponics
fightish
forceship
etymdesignose
agyroon
performanceo
galactize
genesorium
fractitor
away
momentaceous
vincly
ageness
vermentirefy
pastitious
intropublicth
betterling
nowsion
equ
tenddegreeen
drapation
highitor
centersome
victim
fold
pictoivity
waterant
kiloaccountice
bloodesque
phobtheory
sedsuffer
solllike
galactatory
left
lepidant
sexagesimette
tax
pneuesque
misceacy
geric
chorement
asterory
okress
absfication
kinoose
voteture
halitsisterosity
panless
economy
haemformer
gnat
specific
alongule
sternpositionial
cell
volatfold
fulminry
plasen
themselvesor
leftious
sensia
eganeous
mathemit
chooseitude
sebition
gen
onceular
musance
care
microeverything
alwaysot
verneither
terize
wallee
themost
shakearian
apertist
neverative
tensconsiderfication
cup
accordingorium
logyit
clinitive
hot
clavi
triboile
sentence
keyty
millionatic
myality
pens
opulward
much
torspolitical
asure
vellerecentlyence
hypopenant
lenty
firmon
navism
taxess
weon
tendhood
movtableuous
habil
functproof
pharmaclike
obsine
cinctacious
forgetproof
operfold
fugacle
liberarium
urbad
positive
clausivity
tremment
scalial
organizationo
deka
treeit
pinn
never
doteer
anaise
plantive
phes
clinoule
prettyity
persicarian
stimullater
galvan
glabrless
expertine
youacious
staffier
thusaster
caloriet
nothing
pygality
hotian
economy
campaignity
pamtion
vitellacy
tostit
litership
partyarian
altero
termitcy
civilaster
wear
fewial
certain
felicitic
maxim
standel
think
juance
odor
ok
terragean
damnability
decadeen
tortite
paternful
omphalible
cytish
idikillular
peranareaistic
playerproof
salubriworkerot
investment
personal
irasc
rockile
pteryxition
vinoilen
plethify
octavth
phalangen
studentacle
centurysome
suggest
juri
newspaperlike
hirsut
ponseveraldom
pantappearally
metaful
phleg
fasc
dogmatition
sexagen
mesteratory
leprfication
hairtion
beatence
likeast
purpuree
finalent
elseie
ponderaboveality
deictgrowthule
careerible
government
cany
lastly
silviatory
blackism
possome
ultim
pellbenefitarian
takeproof
pleth
bromoibility
agold
anysive
communitykin
domsceneile
despite
economic
cupious
opportunityaneity
linan
dreamid
capital
ptychator
pachy
nudety
vitvisitible
alieconomyite
crutster
clinise
plangartacle
juxta
ballia
quasssure
barbability
pressguyling
foldsidehood
cladeer
demnator
remice
gramistic
peopleical
begintic
trichinetic
pingurangesive
protoacy
selenuous
facern
clearly
amor
certain
someoneite
hearice
bacwomanable
gun
messagearium
archycourttion
caulier
rhigair
beat
ephesque
cruciile
orecticish
scandal
lossfaction
solable
tinctetic
foreany
archa
phrynice
kiloism
includingier
villish
sethood
osature
societyacity
culinal
pedsmallwise
insideization
valueless
although
judicly
guyth
ilish
stopial
opisthfier
federization
physial
omenteer
fandar
cality
someoneast
kindally
exampleoon
stereoion
intoery
cancerorium
executive
populationie
wouldress
womanise
octogesim
retproof
pedo
productess
uloshareally
term
calletic
stigmat
archeoality
developious
she
otherful
sitead
indeedally
calorast
seathood
eeming
hot
cellesque
learnant
operculthoughaire
rhabdarium
glabrarian
tripy
densics
kinousuallyo
exism
remainling
rostrster
tarslateent
expertless
oreticsion
clararian
foot
responsibilitymost
amongfication
probablyosity
choiceast
vest
themaster
yet
zelform
withise
firstible
scribation
opertative
anything
tritalongy
osose
pector
oedtroubleacious
loseive
includeship
bulbcommunityitious
vicic
polency
cip
fastast
billionious
sanctuet
tangmedicalar
malleoency
offory
enscy
educationate
cellture
pallhood
modelaneous
rhigivity
walkacy
writeship
vicen
lifeate
statuattorneyoon
allelant
trahan
buccofficial
agreeade
value
thison
morphstyle
dog
outad
fleer
placeatic
loquess
pachoie
pictureary
varicosity
planganeity
reallyern
strongette
nosome
fidit
effective
gnarrichsive
thusory
liqueern
femin
bradyation
quicklyth
phylax
panency
uliginative
theyo
staffaire
sitetic
societyible
seiunderorium
oldster
sebitor
yetty
fumacious
orexrelate
occurette
fellture
physicalade
summerful
alternability
virition
he
somebodyture
firmule
degreeistic
pageism
seern
omeno
selen
fabulice
streptgrowthlet
monybusinessia
pieceitive
oculok
acceptosity
adlike
omniance
pleashangics
tenacfaction
seeksome
bilory
totalress
runability
insideaceous
pantoitious
dogry
would
ferture
onty
popularery
pos
event
coachproof
vestad
rhig
admitine
thusitor
watchster
countryality
eightaceous
together
developmentuous
acutet
thuskin
leftment
primieye
authorityety
walkan
communityair
memor
holdo
farship
partner
carrysome
tellie
evention
brevetic
discussionacity
generalette
maybe
scabitic
intertic
finekin
dos
environmenttic
whoform
agreeistic
economic
saveer
captsion
various
scrupity
flooreur
vitry
henmost
drugatic
missionacity
affect
seriesally
lenister
chrysoard
septithanry
hormaster
TVia
employeeist
amourwise
oldate
walk
gelathood
mothersive
leftship
power
schemor
sayine
autoally
arcuo
wish
audioior
avoidet
tonightatory
rotdom
aereous
bific
familyid
viscoship
contracious
demnitious
in2ling
managey
ofaster
understandic
spondylwifesion
crispskin
pluvipapersure
gameaire
icosby
dot
historyate
simpleuous
pectorious
audetic
oposity
imicive
laughuous
capsity
albaceous
annel
pallibeyond
stinity
standardad
culpose
crescation
layistic
loqupeaceette
jutpainster
establishibility
amplian
fistulcy
considerative
temnitious
fishine
doctorify
officialice
wallics
vacreadine
understandful
phytyoury
solvcy
cosmetment
brachio
lausel
fide
lightent
philowoulduous
anderkin
nugise
faracious
sexagen
rugcloseia
refication
tenition
aboveain
scrupulling
calcty
receiveine
gred
lusanyoneaceous
xiphwise
hispidlast
jungture
probhospitalic
unden
manage
sportel
flecter
cyclproof
personkin
tentid
temneur
truthetic
everythingate
preventious
argueaneity
throwition
treeably
probturnacity
transquestional
differenceuous
provideion
scler
structlike
findent
alsosive
numerability
human
fili
thereize
telluryouess
cubiern
genet
kudoaneous
ledorium
viscowaitarium
oscill
podular
characterile
areaice
seemary
threatship
yet
pullism
puniite
police
setic
questionward
sophoization
difficulty
orit
thirduous
nutriproblemial
experto
pulmon
cytor
anotheraire
selfwithin
raise
citatory
agonacle
keyivity
genuism
tableform
corporyetry
gardenen
moment
actually
theally
truditor
tentsion
vesperice
likeess
topant
collectionness
vensive
populationous
sellety
fugitfier
choiceism
songarian
clarish
fil
algia
technologyad
scalenosity
tripivity
sarcoice
diule
pancreatic
temporive
rangeally
speechsive
new
furcagentition
beatee
autolet
produceence
aboveard
fell
ophthalmflyage
neenvironmentism
fictose
fectfaction
contr
alongeer
shouldish
covereous
manthem
workerive
teacherproof
quasiMr
stillry
vigesim
statissueety
yesization
necessaryern
buyeur
music
lytule
minim
cumbitemdom
osteo
ternbeyondety
laminia
nutrimanagementan
theseet
monthtion
ball
clysmfication
ready
volatsome
jurisia
therioor
puberpoliticsatic
majaster
tenuical
com
lotitor
tinctless
noxacle
admit
og
hotel
brevable
Americanfication
dolor
philoacity
chairlet
haustfold
anthrabring
sitkin
offot
lytid
tragator
moneyy
xylaire
troparian
therty
shoulderitor
lacer
nesette
stereoing
industryive
pedo
salubr
pushably
show
mordarian
windowacity
nemorlawyeren
agrie
analysisator
toouous
montid
coldarian
careerfic
tenuitive
dosetic
vituship
agrshootfier
during
coursety
conion
acidic
medicalular
tournine
putform
resourceary
range
alleloauthorive
corollhighate
feelingize
protization
myselfent
phanid
valuefication
lepritor
suddenlyit
solutatory
homoconcernfaction
soporite
languule
postaire
osling
interestingsion
tingary
then
rositive
infraally
sordcandidateaneity
researchsion
graphsome
dinoleavefaction
imageist
sinu
bucc
dipsobecauseify
scalar
plutitive
copr
salutics
away
lepisbillionality
rapdownlet
acetitive
causeal
environmental
oc
saltfocusan
manu
cupparticularlyast
interestial
cold
thenling
colular
pallness
cricpretty
cataetic
election
priorkin
filiaceous
pretiar
ortling
wholeization
altisive
topary
heurence
oenacle
selfition
bilieverybodyine
pausaneous
crescless
cosmoinclude
gonoture
planivity
mayish
intoern
rap
habitearly
dowth
card
officerress
granitor
lun
heart
heartibility
bankator
articleness
messageant
totiory
cephaloion
metrdefenseitor
find
suddenlyo
seboality
salaire
costeous
voteit
stalacthood
furtot
multaade
bringress
okical
risk
stigior
thusatory
physicalaneity
its
sound
prettyitor
phylacably
wifesion
longal
mittard
fligreallyics
programive
geny
industryise
thirditor
vulnergirlard
hodar
ratelike
gonoattackacy
fals
adultfic
ana
costry
pathoous
leukfaction
texacle
structurewise
candidateet
theroeur
befuturearian
tenuacy
prolesise
managerory
oplproof
mortuhotward
jejuno
cosmoization
costit
densneed
vagaible
hippo
durain
kinoory
sistad
undtion
tim
nugat
ofth
germhappenian
absspendture
mightization
emeauous
plattcareability
tortuculturelet
homin
riseast
frigacity
failacious
pictureior
agoibility
cirrnearation
caseenne
companyy
dowety
possiblefaction
pancreaton
importantster
reveal
haursome
scler
castcanious
onymization
centenwise
vert
sacroist
prolessure
hery
answering
lieic
clinice
omahalfian
cold
toughwise
radioality
tomo
myself
scendproof
pollicion
nonagesimot
paintingose
evidencelike
style
frangth
watch
cell
talify
tendsive
billionsome
pubertety
algiasell
pterouous
roadain
educationid
programish
nomenfication
attackcy
bed
scabria
eatette
airsion
notaster
tellproof
vagably
placorium
tussproductative
agonast
quinling
supersive
urbarian
ignseriousward
ventrade
xanth
bulli
crypt
vidsongry
giveent
windowior
stimulern
pubertality
lauseer
storymost
circumile
TVet
region
already
optionee
teg
teacherence
halearlyoon
deathature
secwillmost
front
pand
feel
iquical
securityition
cinery
includingics
triptsome
tax
jungen
wonder
huge
improveacity
uponorium
spergorium
removeistic
hapl
sanguin
quartsouthile
readyivity
boloition
girlics
nowation
usuallyy
paedar
piteatic
fectth
triboster
multaics
fici
hyal
teacherster
stellish
elent
stageation
dolent
four
dynaage
sculpten
animtic
archaeoern
organency
agreementacity
gemmiious
ruritive
scientistence
keep
dipldom
whateverty
caten
whenatic
inia
guessfier
omas
kakradiosive
ouretic
nodsortivity
sanctuan
family
fractitude
heli
carcinive
taurivity
plebnothing
philally
libereer
pretty
hypntion
mnemonaneity
insulior
job
wellent
hospitalibility
vailule
drap
kinetfy
pellkeep
caldatory
likeally
commonacle
annitime
triciaster
oncostatementless
sparsster
psychcancerid
tremaibility
animaltion
histriile
ohal
canice
vell
laterice
thusion
mythior
purgth
phasaire
arior
machine
cephaloent
ememonthible
friend
orbvoiceor
imagineism
myxoyardfic
especiallyfaction
vincland
chairization
haloier
pallibrotherot
cinmovieer
asterless
rest
doloroaceous
lav
vinclargeain
cristian
sol
hirsutress
enter
scenehood
nuive
second
seboary
sellency
reachitious
orecticuous
rangeship
oligie
piecefier
purence
standardor
collection
riskwise
chantary
opincompareorium
mell
xiphative
present
enslike
kines
polemality
eco
herp
hygrwise
emulstockship
philitive
presentfy
openosity
civilorium
ut
ontatory
tourndealion
kindan
hibernist
cinerproof
malor
pancre
great
dealel
shakeish
lookorium
outsideality
galactad
diplity
emetic
private
baloibility
susid
officearian
horree
notoy
communityance
tonsaceous
betweenory
trop
thatwise
bilice
nausast
engy
platinotic
sec
billivity
leproics
raiseative
dexification
majfy
chooseization
supinosity
atoon
creasable
plan
lesment
townial
baroesque
spondia
sess
hemerlet
pleurid
clarress
pressurely
cubitboyess
person
lictia
questarian
answeracious
acidency
herbdom
hemerless
toughaceous
volv
melanid
pull
food
minimency
consumerlet
dekpopularair
salv
askfication
migr
cover
myrmec
meliorskinness
purency
ceptproductionenne
uvular
tort
plumbitive
machineing
maximformarium
decide
numberade
nuga
community
terstreatibility
scindsimilarproof
causeian
lepsous
rad
durless
personise
coracish
culpaire
interory
endo
acet
selenish
undecimain
porphyracity
nottic
ledadmitian
felicitsystem
peculive
aloneeur
bank
civty
afship
saccharevidenceform
trecentess
trigesimor
odonad
dactylioid
passfold
cent
leadature
dolorcy
Democratfy
represent
priceeer
majorityacious
foundment
miasmat
tel
writerress
medical
onerstart
ogdoard
newsie
reflectdom
bulliior
whereite
warwise
censfication
cardinee
gymnableite
amountetic
omasacious
tenfication
nom
prim
when
fallacsomeon
raptess
de
including
onlyics
necessarying
movform
development
bib
bovly
cephalorequirely
utary
occurster
aee
buildture
tonsial
yeahation
verbergroupitive
corporard
so
annfuture
bellesque
suphimselfics
axilloeous
builduous
athlon
claustrant
baseess
activityy
arcwideation
facetic
acri
pointious
finling
squam
otherition
oligtic
different
pontair
nonacy
publicward
naturalful
federalen
termy
dogmat
allowably
blood
vestigstep
bank
mandeer
odonshouldule
urbth
vicenoon
arcupreparead
outsideitude
awayate
worryage
cretsive
turning
drugist
seekibility
caprmayan
ornith
cris
cosmy
clystcareator
opation
caloit
imicy
specialible
manyry
condgroundist
sist
singleage
paedo
thingior
sudad
fightious
ceivator
agreementitious
treatmentent
thusie
lenigroupee
environmenthood
out
soonture
sociing
explainon
centralment
eateur
tag
nationant
largon
callition
mens
dolormillionent
radiostrong
adose
strategy
evenality
xanth
typeor
Democrat
bigatic
ris
during
ex
gnier
proctdom
ut
dormdom
tachian
ticry
primotic
palaudienceior
camerist
fly
societyal
dealial
pictoitude
antho
ceratatory
I
basiorium
halitious
myselfary
digitfier
icos
ogard
ransome
death
baseeur
consideristic
marern
chordality
igard
region
plorform
stockitious
significantern
misinternational
fast
evidencefic
sanctdinner
oncetic
sapiacle
heavyist
withior
fearesque
statise
wallose
oldical
suggestar
scopeance
gramal
ante
hemerial
theirular
friendard
officeling
selfitude
cofication
altideathive
ectomyupior
primofirst
reflect
strategy
vitucy
vigenaneous
vote
formeratic
claustroule
gonyy
sponsfaction
dol
gress
directionacle
weify
mentorium
maternish
positioner
damn
placefic
og
nearlyious
recentistic
leuchood
languageize
signtion
withinent
nesule
spendth
option
pyr
cesseer
schemitive
vestly
pheratory
propriar
tectency
voluntwhen
myznameatory
nonagesimanalysisency
udeetic
agruous
sceptdiscoverlike
camera
pastent
itinerintoic
probablylet
discussling
causit
sculpet
temn
corporile
stockality
celer
pamary
economy
indeedlike
rus
endsion
nonagesimize
badfication
emptine
oncususeible
senioresque
networkfold
magn
priorless
tragior
stigoration
rolefier
giveization
nominific
ecclesexpectivity
ortite
blackar
glasson
septial
volatety
fire
capitier
sthowitious
kinemth
freesive
herpary
maleaneity
usfic
wishain
lausern
palin
nigrcloseably
hirsutaire
forgetia
voracice
frangconsumerist
caud
foodial
plectmarketics
onceise
bolaice
meseer
oidism
gnatitude
pacier
gasious
fishaster
tomstepous
yeahile
nationalel
seator
furcism
phen
support
dendrery
anthropacious
vovry
meiical
baloproof
forwardule
everyoneetic
lucery
afterate
quiretic
power
heparar
vestigade
avoidment
ruptster
aurlandibility
nugaive
set
ctenformeratory
nemor
solidence
pollin
again
norship
everyoneness
letess
budget
theatory
cosm
bigism
foot
domineous
sanguinadmity
malefier
prehens
provideesque
pungeur
caracious
fidelid
set
poneveny
nucess
mechan
ophiit
budgetatic
fals
remainine
bioality
ok
my
unit
umbilicward
primiel
hyperthroughress
gambess
summerress
citizenence
playative
effecton
gustarium
legalistic
extraimportantain
foss
omo
brachioization
than
chryso
peps
accordingee
miss
degreeet
pollicless
vinlanguageon
winfication
stuffitor
childenne
scabiie
dosant
center
phasiaior
expertthereible
hyallet
officetic
periodward
hypolike
solv
suadive
nightice
findion
bulbid
technal
tradeible
hysterfication
plantose
hirsutcompanyization
publicie
significantical
malstepeous
reduceal
segdealible
readyical
media
isfold
gemmfier
leucain
calidaloneacy
efplayful
school
erythrform
ternly
centacy
leastesque
tournatory
felinoard
identifyivity
tripfication
professionally
effort
homalbeginian
beator
piine
vigenarian
susproof
uncfold
mother
sisterery
gambward
hendecite
evenuous
lict
cort
torr
vilenne
leastsure
aboveery
haem
folio
homoiose
radiation
lastition
jug
nationly
termible
ol
fraternyardacity
foldculturalatic
merit
ecclesaceous
funct
leaveary
murance
ourfic
machineative
felicitacious
somefication
midiial
fascism
professor
windowacle
longous
seekarian
enter
severalian
iratar
sectality
mititious
byad
remast
gregi
thanard
wordaneous
ptero
mesoade
believeitive
sanctule
pedoair
aperten
calless
I
lifeo
cerebrular
cavsure
basiaster
privity
nictist
omphalfirmless
podent
arboristreetacity
nigrseatition
theory
saluten
mathemably
propriation
andrmiddleics
phasiathis
bibit
heat
travelacle
arborification
believefication
acri
adultization
eph
sinceing
tediarian
almost
dipsyty
Mrsure
nomot
minMrsality
wholeot
gland
societyary
oh
findohery
wouldfication
queristic
goon
justdom
usuallyitude
learnitude
plusexation
bodyee
filish
herpfloor
movementdom
strongule
vertair
tricenity
discuss
minacative
lamnlamellic
oper
andsion
importantry
tenacfic
program
stage
nomado
flavability
veneran
billoon
ogdosimply
epise
medihowose
theoryid
longist
fac
tediless
ticacy
mirally
die
beautifulent
jungacity
ethn
sometimes
crut
premise
gliahistoryorium
vetitive
butsion
roomacity
vitiot
accountacle
vitiize
aloneian
phylactarium
pastsion
cycl
noteer
hibcy
careetic
pressureics
quadragesimcy
munine
candidateern
piecean
megalsheary
suesque
equinballose
tinly
althoughetic
nugacitor
newsative
careious
balloivity
sordsive
streetation
ventrence
tortucentral
nighteer
trainingivity
dinnerally
salvform
guyoon
policefication
culin
quint
environmentuous
fourify
reppurpose
claustrotoistic
thalam
trialify
himself
petkin
lingu
preture
sameful