-(void)makeAccountFiledViewStatus_MMMethodMMM:(AccountModel *)mAccountModel accountView_MMMethodMMM:(SDKTextFiledView *)accountFiledView pwdView_MMMethodMMM:(SDKTextFiledView *)pwdFiledView{
    
    //    passwordSDKTextFiledView.inputUITextField.text = mAccountModel.password;
    
    NSString *account = wwwww_tag_wwwww_text_has_bind_tips_mw.localx;
    NSString *account_tips = wwwww_tag_wwwww_text_has_bind_tips_mw.localx;
    NSString *iconName = mw_smail_icon2;
    NSString *pwdText = GetString(wwwww_tag_wwwww_text_free_register);
    
    BOOL pwdEnable = YES;
    
    if ([mAccountModel.loginType isEqualToString:LOGIN_TYPE_SELF]) {
        
        account = mAccountModel.account;
        iconName = mw_smail_icon2;
        pwdText = mAccountModel.password;
        pwdEnable = YES;
        account_tips = wwwww_tag_wwwww_text_has_bind_tips_mw.localx;
        
    }else if ([mAccountModel.loginType isEqualToString:LOGIN_TYPE_FB]){
        iconName = fb_smail_icon;
        pwdEnable = NO;
        account_tips = wwwww_tag_wwwww_text_has_bind_tips_fb.localx;
        
    }else if ([mAccountModel.loginType isEqualToString:LOGIN_TYPE_GOOGLE]){
        iconName = google_smail_icon;
        pwdEnable = NO;
        account_tips = wwwww_tag_wwwww_text_has_bind_tips_google.localx;
        
    }else if ([mAccountModel.loginType isEqualToString:LOGIN_TYPE_GUEST]){
        iconName = guest_smail_icon;
        pwdEnable = NO;
        account_tips = wwwww_tag_wwwww_text_has_bind_tips_guest.localx;
        
    }else if ([mAccountModel.loginType isEqualToString:LOGIN_TYPE_APPLE]){
        iconName = apple_smail_icon;
        pwdEnable = NO;
        account_tips = wwwww_tag_wwwww_text_has_bind_tips_apple.localx;
        
    }else if ([mAccountModel.loginType isEqualToString:LOGIN_TYPE_LINE]){
        iconName = line_smail_icon;
        pwdEnable = NO;
        account_tips = wwwww_tag_wwwww_text_has_bind_tips_line.localx;
    }
    
//    accountFiledView.inputUITextField.text = account;
    accountFiledView.lableIconImageView.image = [UIImage res_imageNamed_MMMethodMMM:iconName];
    accountFiledView.inputUITextField.text = account_tips;
    
    if (pwdFiledView) {
//        [pwdFiledView setPwdFiledView_MMMethodMMM:pwdEnable];
       
        if (pwdEnable) {
            pwdFiledView.hidden = NO;
            pwdFiledView.inputUITextField.text = pwdText;
            
            [pwdFiledView mas_updateConstraints:^(MASConstraintMaker *make) {
                
                make.height.mas_equalTo(VH(40));
            }];
            
            
        }else{
            pwdFiledView.inputUITextField.text = @"";
            pwdFiledView.hidden = YES;
            [pwdFiledView mas_updateConstraints:^(MASConstraintMaker *make) {
                make.height.mas_equalTo(1);
            }];
            
            
        }
        [pwdFiledView layoutIfNeeded];
        
    }
}
